#
# There is insufficient memory for the Java Runtime Environment to continue.
# Native memory allocation (mmap) failed to map 65011712 bytes for G1 virtual space
# Possible reasons:
#   The system is out of physical RAM or swap space
#   The process is running with CompressedOops enabled, and the Java Heap may be blocking the growth of the native heap
# Possible solutions:
#   Reduce memory load on the system
#   Increase physical memory or swap space
#   Check if swap backing store is full
#   Decrease Java heap size (-Xmx/-Xms)
#   Decrease number of Java threads
#   Decrease Java thread stack sizes (-Xss)
#   Set larger code cache with -XX:ReservedCodeCacheSize=
#   JVM is running with Unscaled Compressed Oops mode in which the Java heap is
#     placed in the first 4GB address space. The Java Heap base address is the
#     maximum limit for the native heap growth. Please use -XX:HeapBaseMinAddress
#     to set the Java Heap base and to place the Java Heap above 4GB virtual address.
# This output file may be truncated or incomplete.
#
#  Out of Memory Error (os_windows.cpp:3617), pid=4716, tid=14040
#
# JRE version:  (17.0.8.1+1) (build )
# Java VM: OpenJDK 64-Bit Server VM (17.0.8.1+1-LTS, mixed mode, sharing, tiered, compressed oops, compressed class ptrs, g1 gc, windows-amd64)
# No core dump will be written. Minidumps are not enabled by default on client versions of Windows
#

---------------  S U M M A R Y ------------

Command Line: 

Host: Intel(R) Core(TM) i5-8265U CPU @ 1.60GHz, 8 cores, 3G,  Windows 10 , 64 bit Build 19041 (10.0.19041.3636)
Time: Thu Apr 25 15:23:33 2024 Haiti Daylight Time elapsed time: 0.041623 seconds (0d 0h 0m 0s)

---------------  T H R E A D  ---------------

Current thread (0x000001a0b68b5b70):  JavaThread "Unknown thread" [_thread_in_vm, id=14040, stack(0x0000005e85300000,0x0000005e85400000)]

Stack: [0x0000005e85300000,0x0000005e85400000]
Native frames: (J=compiled Java code, j=interpreted, Vv=VM code, C=native code)
V  [jvm.dll+0x67bf3a]
V  [jvm.dll+0x83a024]
V  [jvm.dll+0x83b7ce]
V  [jvm.dll+0x83be33]
V  [jvm.dll+0x24785f]
V  [jvm.dll+0x678cb9]
V  [jvm.dll+0x66d54a]
V  [jvm.dll+0x308feb]
V  [jvm.dll+0x310496]
V  [jvm.dll+0x36019e]
V  [jvm.dll+0x3603cf]
V  [jvm.dll+0x2dff38]
V  [jvm.dll+0x2e0ea4]
V  [jvm.dll+0x80bca1]
V  [jvm.dll+0x36df61]
V  [jvm.dll+0x7eafac]
V  [jvm.dll+0x3f0c8f]
V  [jvm.dll+0x3f28a1]
C  [jli.dll+0x528f]
C  [ucrtbase.dll+0x21bb2]
C  [KERNEL32.DLL+0x17344]
C  [ntdll.dll+0x526b1]


---------------  P R O C E S S  ---------------

Threads class SMR info:
_java_thread_list=0x00007ffe48643058, length=0, elements={
}

Java Threads: ( => current thread )

Other Threads:
  0x000001a0b68f04a0 GCTaskThread "GC Thread#0" [stack: 0x0000005e85400000,0x0000005e85500000] [id=12016]
  0x000001a0b68f9e40 ConcurrentGCThread "G1 Main Marker" [stack: 0x0000005e85500000,0x0000005e85600000] [id=21564]
  0x000001a0b68faff0 ConcurrentGCThread "G1 Conc#0" [stack: 0x0000005e85600000,0x0000005e85700000] [id=4764]

[error occurred during error reporting (printing all threads), id 0xc0000005, EXCEPTION_ACCESS_VIOLATION (0xc0000005) at pc=0x00007ffe47e00927]

VM state: not at safepoint (not fully initialized)

VM Mutex/Monitor currently owned by a thread:  ([mutex/lock_event])
[0x000001a0b68b1c70] Heap_lock - owner thread: 0x000001a0b68b5b70

Heap address: 0x00000000c2e00000, size: 978 MB, Compressed Oops mode: 32-bit

CDS archive(s) mapped at: [0x0000000000000000-0x0000000000000000-0x0000000000000000), size 0, SharedBaseAddress: 0x0000000800000000, ArchiveRelocationMode: 1.
Narrow klass base: 0x0000000000000000, Narrow klass shift: 0, Narrow klass range: 0x0

GC Precious Log:
<Empty>

Heap:
 garbage-first heap   total 0K, used 0K [0x00000000c2e00000, 0x0000000100000000)
  region size 1024K, 0 young (0K), 0 survivors (0K)

[error occurred during error reporting (printing heap information), id 0xc0000005, EXCEPTION_ACCESS_VIOLATION (0xc0000005) at pc=0x00007ffe481e5fc9]

GC Heap History (0 events):
No events

Dll operation events (1 events):
Event: 0.017 Loaded shared library C:\Program Files (x86)\Android\openjdk\jdk-17.0.8.101-hotspot\bin\java.dll

Deoptimization events (0 events):
No events

Classes unloaded (0 events):
No events

Classes redefined (0 events):
No events

Internal exceptions (0 events):
No events

VM Operations (0 events):
No events

Events (0 events):
No events


Dynamic libraries:
0x00007ff7afdf0000 - 0x00007ff7afdfe000 	C:\Program Files (x86)\Android\openjdk\jdk-17.0.8.101-hotspot\bin\java.exe
0x00007fff41ed0000 - 0x00007fff420c8000 	C:\Windows\SYSTEM32\ntdll.dll
0x00007ffef53b0000 - 0x00007ffef53c9000 	C:\Program Files\Avast Software\Avast\aswhook.dll
0x00007fff40880000 - 0x00007fff4093d000 	C:\Windows\System32\KERNEL32.DLL
0x00007fff3fc00000 - 0x00007fff3fef6000 	C:\Windows\System32\KERNELBASE.dll
0x00007fff3f690000 - 0x00007fff3f790000 	C:\Windows\System32\ucrtbase.dll
0x00007fff1ab10000 - 0x00007fff1ab2b000 	C:\Program Files (x86)\Android\openjdk\jdk-17.0.8.101-hotspot\bin\VCRUNTIME140.dll
0x00007fff1a870000 - 0x00007fff1a887000 	C:\Program Files (x86)\Android\openjdk\jdk-17.0.8.101-hotspot\bin\jli.dll
0x00007fff400d0000 - 0x00007fff4026f000 	C:\Windows\System32\USER32.dll
0x00007fff3fbd0000 - 0x00007fff3fbf2000 	C:\Windows\System32\win32u.dll
0x00007fff40700000 - 0x00007fff4072b000 	C:\Windows\System32\GDI32.dll
0x00007fff3f960000 - 0x00007fff3fa77000 	C:\Windows\System32\gdi32full.dll
0x00007fff11de0000 - 0x00007fff1207a000 	C:\Windows\WinSxS\amd64_microsoft.windows.common-controls_6595b64144ccf1df_6.0.19041.3636_none_60b6a03d71f818d5\COMCTL32.dll
0x00007fff3fb30000 - 0x00007fff3fbcd000 	C:\Windows\System32\msvcp_win.dll
0x00007fff41ce0000 - 0x00007fff41d7e000 	C:\Windows\System32\msvcrt.dll
0x00007fff40f10000 - 0x00007fff40f42000 	C:\Windows\System32\IMM32.DLL
0x00007fff23f10000 - 0x00007fff23f1c000 	C:\Program Files (x86)\Android\openjdk\jdk-17.0.8.101-hotspot\bin\vcruntime140_1.dll
0x00007ffefa5d0000 - 0x00007ffefa65d000 	C:\Program Files (x86)\Android\openjdk\jdk-17.0.8.101-hotspot\bin\msvcp140.dll
0x00007ffe47b10000 - 0x00007ffe48775000 	C:\Program Files (x86)\Android\openjdk\jdk-17.0.8.101-hotspot\bin\server\jvm.dll
0x00007fff3ff00000 - 0x00007fff3ffb0000 	C:\Windows\System32\ADVAPI32.dll
0x00007fff40030000 - 0x00007fff400d0000 	C:\Windows\System32\sechost.dll
0x00007fff40a50000 - 0x00007fff40b73000 	C:\Windows\System32\RPCRT4.dll
0x00007fff3f5d0000 - 0x00007fff3f5f7000 	C:\Windows\System32\bcrypt.dll
0x00007fff23cf0000 - 0x00007fff23cf9000 	C:\Windows\SYSTEM32\WSOCK32.dll
0x00007fff3f3e0000 - 0x00007fff3f42b000 	C:\Windows\SYSTEM32\POWRPROF.dll
0x00007fff14e40000 - 0x00007fff14e67000 	C:\Windows\SYSTEM32\WINMM.dll
0x00007fff40b80000 - 0x00007fff40beb000 	C:\Windows\System32\WS2_32.dll
0x00007fff31000000 - 0x00007fff3100a000 	C:\Windows\SYSTEM32\VERSION.dll
0x00007fff3f3c0000 - 0x00007fff3f3d2000 	C:\Windows\SYSTEM32\UMPDC.dll
0x00007fff3dda0000 - 0x00007fff3ddb2000 	C:\Windows\SYSTEM32\kernel.appcore.dll
0x00007fff1f310000 - 0x00007fff1f31a000 	C:\Program Files (x86)\Android\openjdk\jdk-17.0.8.101-hotspot\bin\jimage.dll
0x00007fff3d140000 - 0x00007fff3d324000 	C:\Windows\SYSTEM32\DBGHELP.DLL
0x00007fff30de0000 - 0x00007fff30e14000 	C:\Windows\SYSTEM32\dbgcore.DLL
0x00007fff3f600000 - 0x00007fff3f682000 	C:\Windows\System32\bcryptPrimitives.dll
0x00007fff09820000 - 0x00007fff09845000 	C:\Program Files (x86)\Android\openjdk\jdk-17.0.8.101-hotspot\bin\java.dll

dbghelp: loaded successfully - version: 4.0.5 - missing functions: none
symbol engine: initialized successfully - sym options: 0x614 - pdb path: .;C:\Program Files (x86)\Android\openjdk\jdk-17.0.8.101-hotspot\bin;C:\Windows\SYSTEM32;C:\Program Files\Avast Software\Avast;C:\Windows\WinSxS\amd64_microsoft.windows.common-controls_6595b64144ccf1df_6.0.19041.3636_none_60b6a03d71f818d5;C:\Program Files (x86)\Android\openjdk\jdk-17.0.8.101-hotspot\bin\server

VM Arguments:
java_command: <unknown>
java_class_path (initial): <not set>
Launcher Type: SUN_STANDARD

[Global flags]
     intx CICompilerCount                          = 4                                         {product} {ergonomic}
     uint ConcGCThreads                            = 2                                         {product} {ergonomic}
     uint G1ConcRefinementThreads                  = 8                                         {product} {ergonomic}
   size_t G1HeapRegionSize                         = 1048576                                   {product} {ergonomic}
    uintx GCDrainStackTargetSize                   = 64                                        {product} {ergonomic}
   size_t InitialHeapSize                          = 65011712                                  {product} {ergonomic}
   size_t MarkStackSize                            = 4194304                                   {product} {ergonomic}
   size_t MaxHeapSize                              = 1025507328                                {product} {ergonomic}
   size_t MinHeapDeltaBytes                        = 1048576                                   {product} {ergonomic}
   size_t MinHeapSize                              = 8388608                                   {product} {ergonomic}
    uintx NonNMethodCodeHeapSize                   = 5839372                                {pd product} {ergonomic}
    uintx NonProfiledCodeHeapSize                  = 122909434                              {pd product} {ergonomic}
    uintx ProfiledCodeHeapSize                     = 122909434                              {pd product} {ergonomic}
    uintx ReservedCodeCacheSize                    = 251658240                              {pd product} {ergonomic}
     bool SegmentedCodeCache                       = true                                      {product} {ergonomic}
   size_t SoftMaxHeapSize                          = 1025507328                             {manageable} {ergonomic}
     bool UseCompressedClassPointers               = true                           {product lp64_product} {ergonomic}
     bool UseCompressedOops                        = true                           {product lp64_product} {ergonomic}
     bool UseG1GC                                  = true                                      {product} {ergonomic}
     bool UseLargePagesIndividualAllocation        = false                                  {pd product} {ergonomic}

Logging:
Log output configuration:
 #0: stdout all=warning uptime,level,tags
 #1: stderr all=off uptime,level,tags

Environment Variables:
PATH=C:\Program Files (x86)\Android\openjdk\jdk-17.0.8.101-hotspot\bin;C:\Windows\system32;C:\Windows;C:\Windows\System32\Wbem;C:\Windows\System32\WindowsPowerShell\v1.0\;C:\Windows\System32\OpenSSH\;C:\Program Files\Microsoft SQL Server\Client SDK\ODBC\170\Tools\Binn\;C:\Program Files\dotnet\;C:\Program Files (x86)\Microsoft SQL Server\160\Tools\Binn\;C:\Program Files\Microsoft SQL Server\160\Tools\Binn\;C:\Program Files\Microsoft SQL Server\160\DTS\Binn\;C:\Program Files\Git\cmd;C:\Program Files\Microsoft SQL Server\150\Tools\Binn\;C:\Users\christopher paulemon\AppData\Local\Programs\Python\Python312\Scripts\;C:\Users\christopher paulemon\AppData\Local\Programs\Python\Python312\;C:\Users\christopher paulemon\AppData\Local\Programs\Python\Launcher\;C:\Users\christopher paulemon\AppData\Local\Microsoft\WindowsApps;C:\Users\christopher paulemon\.dotnet\tools;C:\Users\christopher paulemon\AppData\Local\Programs\Microsoft VS Code\bin
USERNAME=christopher paulemon
OS=Windows_NT
PROCESSOR_IDENTIFIER=Intel64 Family 6 Model 142 Stepping 11, GenuineIntel
TMP=C:\Users\CHRIST~1\AppData\Local\Temp
TEMP=C:\Users\CHRIST~1\AppData\Local\Temp



---------------  S Y S T E M  ---------------

OS:
 Windows 10 , 64 bit Build 19041 (10.0.19041.3636)
OS uptime: 0 days 1:42 hours

CPU: total 8 (initial active 8) (4 cores per cpu, 2 threads per core) family 6 model 142 stepping 11 microcode 0xf0, cx8, cmov, fxsr, ht, mmx, 3dnowpref, sse, sse2, sse3, ssse3, sse4.1, sse4.2, popcnt, lzcnt, tsc, tscinvbit, avx, avx2, aes, erms, clmul, bmi1, bmi2, adx, fma, vzeroupper, clflush, clflushopt
Processor Information for all 8 processors :
  Max Mhz: 1800, Current Mhz: 1600, Mhz Limit: 1584

Memory: 4k page, system-wide physical 3906M (181M free)
TotalPageFile size 14053M (AvailPageFile size 46M)
current process WorkingSet (physical memory assigned to process): 10M, peak: 10M
current process commit charge ("private bytes"): 60M, peak: 122M

vm_info: OpenJDK 64-Bit Server VM (17.0.8.1+1-LTS) for windows-amd64 JRE (17.0.8.1+1-LTS), built on Aug 23 2023 17:38:52 by "MicrosoftCorporation" with MS VC++ 16.10 / 16.11 (VS2019)

END.
